<?xml version="1.0" encoding="utf-8"?><testsuites name="pytest tests"><testsuite name="pytest" errors="0" failures="0" skipped="0" tests="19" time="35.535" timestamp="2026-03-11T05:12:28.944637+00:00" hostname="agent-env-fcad123a-d991-4e98-9d34-b7958bca5d1b"><testcase classname="backend.tests.test_cxc_cxp.TestCxCEndpoints" name="test_list_cxc_success" time="11.341" /><testcase classname="backend.tests.test_cxc_cxp.TestCxCEndpoints" name="test_list_cxc_with_estado_filter" time="0.696" /><testcase classname="backend.tests.test_cxc_cxp.TestCxCEndpoints" name="test_list_cxc_with_aging_filter" time="0.698" /><testcase classname="backend.tests.test_cxc_cxp.TestCxCEndpoints" name="test_cxc_resumen_success" time="0.973" /><testcase classname="backend.tests.test_cxc_cxp.TestCxCEndpoints" name="test_create_cxc_manual" time="0.704" /><testcase classname="backend.tests.test_cxc_cxp.TestCxCEndpoints" name="test_get_cxc_abonos" time="0.686" /><testcase classname="backend.tests.test_cxc_cxp.TestCxCEndpoints" name="test_create_cxc_abono_validation_positive_monto" time="1.228" /><testcase classname="backend.tests.test_cxc_cxp.TestCxCEndpoints" name="test_create_cxc_abono_validation_exceeds_saldo" time="1.085" /><testcase classname="backend.tests.test_cxc_cxp.TestCxCEndpoints" name="test_create_cxc_abono_updates_saldo" time="1.954" /><testcase classname="backend.tests.test_cxc_cxp.TestCxPEndpoints" name="test_list_cxp_success" time="0.674" /><testcase classname="backend.tests.test_cxc_cxp.TestCxPEndpoints" name="test_list_cxp_with_estado_filter" time="1.520" /><testcase classname="backend.tests.test_cxc_cxp.TestCxPEndpoints" name="test_list_cxp_with_aging_filter" time="0.665" /><testcase classname="backend.tests.test_cxc_cxp.TestCxPEndpoints" name="test_cxp_resumen_success" time="0.978" /><testcase classname="backend.tests.test_cxc_cxp.TestCxPEndpoints" name="test_create_cxp_manual" time="0.677" /><testcase classname="backend.tests.test_cxc_cxp.TestCxPEndpoints" name="test_get_cxp_abonos" time="1.221" /><testcase classname="backend.tests.test_cxc_cxp.TestCxPEndpoints" name="test_create_cxp_abono_validation_positive_monto" time="1.191" /><testcase classname="backend.tests.test_cxc_cxp.TestCxPEndpoints" name="test_create_cxp_abono_updates_saldo_and_estado" time="1.907" /><testcase classname="backend.tests.test_cxc_cxp.TestCxCCxPIntegration" name="test_cxc_partial_payment_flow" time="3.316" /><testcase classname="backend.tests.test_cxc_cxp.TestCxCCxPIntegration" name="test_cxp_partial_payment_flow" time="3.768" /></testsuite></testsuites>