<?xml version="1.0" encoding="utf-8"?><testsuites name="pytest tests"><testsuite name="pytest" errors="0" failures="0" skipped="0" tests="17" time="43.900" timestamp="2026-03-11T05:22:51.710654+00:00" hostname="agent-env-fcad123a-d991-4e98-9d34-b7958bca5d1b"><testcase classname="backend.tests.test_flujo_caja_rentabilidad.TestFlujoCajaGerencial" name="test_flujo_caja_mensual_returns_200" time="12.211" /><testcase classname="backend.tests.test_flujo_caja_rentabilidad.TestFlujoCajaGerencial" name="test_flujo_caja_diario_returns_200" time="1.555" /><testcase classname="backend.tests.test_flujo_caja_rentabilidad.TestFlujoCajaGerencial" name="test_flujo_caja_semanal_returns_200" time="1.517" /><testcase classname="backend.tests.test_flujo_caja_rentabilidad.TestFlujoCajaGerencial" name="test_flujo_caja_timeline_item_structure" time="0.978" /><testcase classname="backend.tests.test_flujo_caja_rentabilidad.TestFlujoCajaGerencial" name="test_flujo_caja_totales_calculation" time="1.003" /><testcase classname="backend.tests.test_flujo_caja_rentabilidad.TestFlujoCajaGerencial" name="test_flujo_caja_invalid_agrupacion_rejected" time="0.206" /><testcase classname="backend.tests.test_flujo_caja_rentabilidad.TestFlujoCajaGerencial" name="test_flujo_caja_missing_fecha_desde" time="0.158" /><testcase classname="backend.tests.test_flujo_caja_rentabilidad.TestRentabilidad" name="test_rentabilidad_marca_returns_200" time="3.771" /><testcase classname="backend.tests.test_flujo_caja_rentabilidad.TestRentabilidad" name="test_rentabilidad_linea_negocio_returns_200" time="3.629" /><testcase classname="backend.tests.test_flujo_caja_rentabilidad.TestRentabilidad" name="test_rentabilidad_centro_costo_returns_200" time="3.807" /><testcase classname="backend.tests.test_flujo_caja_rentabilidad.TestRentabilidad" name="test_rentabilidad_proyecto_returns_200_with_empty_data" time="3.670" /><testcase classname="backend.tests.test_flujo_caja_rentabilidad.TestRentabilidad" name="test_rentabilidad_data_item_structure" time="3.282" /><testcase classname="backend.tests.test_flujo_caja_rentabilidad.TestRentabilidad" name="test_rentabilidad_totales_calculation" time="3.405" /><testcase classname="backend.tests.test_flujo_caja_rentabilidad.TestRentabilidad" name="test_rentabilidad_invalid_dimension_rejected" time="0.123" /><testcase classname="backend.tests.test_flujo_caja_rentabilidad.TestRentabilidad" name="test_rentabilidad_missing_empresa_id" time="0.111" /><testcase classname="backend.tests.test_flujo_caja_rentabilidad.TestFlujoCajaWithRealData" name="test_flujo_caja_has_data_from_pos_sales" time="0.945" /><testcase classname="backend.tests.test_flujo_caja_rentabilidad.TestRentabilidadWithRealData" name="test_rentabilidad_has_element_premium_marca" time="3.351" /></testsuite></testsuites>