<?xml version="1.0" encoding="utf-8"?><testsuites name="pytest tests"><testsuite name="pytest" errors="0" failures="0" skipped="0" tests="11" time="9.264" timestamp="2026-03-10T19:17:42.028042+00:00" hostname="agent-env-7de5507d-f80d-4353-b984-c9a7f268e685"><testcase classname="backend.tests.test_gastos_crud.TestGastosAPI" name="test_list_gastos" time="0.859" /><testcase classname="backend.tests.test_gastos_crud.TestGastosAPI" name="test_create_gasto_with_igv_incluido" time="2.991" /><testcase classname="backend.tests.test_gastos_crud.TestGastosAPI" name="test_get_gasto_by_id" time="0.630" /><testcase classname="backend.tests.test_gastos_crud.TestGastosAPI" name="test_get_gasto_not_found" time="0.477" /><testcase classname="backend.tests.test_gastos_crud.TestGastosAPI" name="test_delete_gasto" time="1.393" /><testcase classname="backend.tests.test_gastos_crud.TestGastosSupportingAPIs" name="test_get_cuentas_financieras" time="0.485" /><testcase classname="backend.tests.test_gastos_crud.TestGastosSupportingAPIs" name="test_get_proveedores" time="0.472" /><testcase classname="backend.tests.test_gastos_crud.TestGastosSupportingAPIs" name="test_get_monedas" time="0.472" /><testcase classname="backend.tests.test_gastos_crud.TestGastosSupportingAPIs" name="test_get_categorias_egreso" time="0.482" /><testcase classname="backend.tests.test_gastos_crud.TestGastosSupportingAPIs" name="test_get_lineas_negocio" time="0.477" /><testcase classname="backend.tests.test_gastos_crud.TestGastosSupportingAPIs" name="test_get_centros_costo" time="0.473" /></testsuite></testsuites>