<?xml version="1.0" encoding="utf-8"?><testsuites name="pytest tests"><testsuite name="pytest" errors="0" failures="0" skipped="2" tests="15" time="65.670" timestamp="2026-03-13T18:08:39.509714+00:00" hostname="agent-env-9b76cb5a-a26c-4c37-9d89-ab5be90f7fd4"><testcase classname="backend.tests.test_pagos_refactor.TestListPagos" name="test_list_pagos_basic" time="2.177" /><testcase classname="backend.tests.test_pagos_refactor.TestListPagos" name="test_list_pagos_response_structure" time="1.886" /><testcase classname="backend.tests.test_pagos_refactor.TestListPagos" name="test_list_pagos_filter_by_tipo" time="2.004" /><testcase classname="backend.tests.test_pagos_refactor.TestListPagos" name="test_list_pagos_includes_detalles_aplicaciones" time="1.731" /><testcase classname="backend.tests.test_pagos_refactor.TestCreatePago" name="test_create_pago_basic" time="14.123" /><testcase classname="backend.tests.test_pagos_refactor.TestCreatePago" name="test_create_pago_validates_monto_aplicado" time="3.938" /><testcase classname="backend.tests.test_pagos_refactor.TestGetPago" name="test_get_pago_by_id" time="2.961" /><testcase classname="backend.tests.test_pagos_refactor.TestGetPago" name="test_get_pago_not_found" time="0.567" /><testcase classname="backend.tests.test_pagos_refactor.TestUpdatePago" name="test_update_pago_referencia" time="3.493" /><testcase classname="backend.tests.test_pagos_refactor.TestUpdatePago" name="test_update_conciliado_pago_only_referencia" time="1.754"><skipped type="pytest.skip" message="No conciliado pagos to test restricted update">/app/backend/tests/test_pagos_refactor.py:325: No conciliado pagos to test restricted update</skipped></testcase><testcase classname="backend.tests.test_pagos_refactor.TestDeletePago" name="test_delete_pago_not_found" time="0.842" /><testcase classname="backend.tests.test_pagos_refactor.TestDeletePago" name="test_delete_conciliado_pago_rejected" time="1.720"><skipped type="pytest.skip" message="No conciliado pagos to test delete rejection">/app/backend/tests/test_pagos_refactor.py:365: No conciliado pagos to test delete rejection</skipped></testcase><testcase classname="backend.tests.test_pagos_refactor.TestFullPaymentLifecycle" name="test_factura_payment_lifecycle" time="9.301" /><testcase classname="backend.tests.test_pagos_refactor.TestLetrasLifecycle" name="test_letras_payment_lifecycle" time="17.589" /><testcase classname="backend.tests.test_pagos_refactor.TestGetFacturaPagos" name="test_get_factura_pagos_endpoint" time="1.528" /></testsuite></testsuites>