<?xml version="1.0" encoding="utf-8"?><testsuites name="pytest tests"><testsuite name="pytest" errors="0" failures="0" skipped="1" tests="10" time="28.217" timestamp="2026-03-13T20:36:10.700796+00:00" hostname="agent-env-36d300f5-e93d-4b74-ac26-c28a095266e3"><testcase classname="tests.test_libro_analitico.TestLibroAnaliticoLineasNegocio" name="test_linea_negocio_18_returns_movements" time="18.906" /><testcase classname="tests.test_libro_analitico.TestLibroAnaliticoLineasNegocio" name="test_linea_negocio_18_movements_structure" time="1.601" /><testcase classname="tests.test_libro_analitico.TestLibroAnaliticoLineasNegocio" name="test_linea_negocio_20_confeccion" time="1.698" /><testcase classname="tests.test_libro_analitico.TestLibroAnaliticoMarca" name="test_marca_dimension" time="0.744"><skipped type="pytest.skip" message="No marcas found for testing">/app/backend/tests/test_libro_analitico.py:147: No marcas found for testing</skipped></testcase><testcase classname="tests.test_libro_analitico.TestLibroAnaliticoExport" name="test_export_csv_returns_csv_file" time="1.586" /><testcase classname="tests.test_libro_analitico.TestLibroAnaliticoExport" name="test_export_csv_has_correct_data" time="1.584" /><testcase classname="tests.test_libro_analitico.TestLibroAnaliticoValidation" name="test_missing_dimension_param" time="0.146" /><testcase classname="tests.test_libro_analitico.TestLibroAnaliticoValidation" name="test_missing_dimension_id_param" time="0.126" /><testcase classname="tests.test_libro_analitico.TestLibroAnaliticoValidation" name="test_invalid_dimension_id" time="0.990" /><testcase classname="tests.test_libro_analitico.TestLineasNegocioEndpoint" name="test_get_lineas_negocio" time="0.729" /></testsuite></testsuites>