<?xml version="1.0" encoding="utf-8"?><testsuites name="pytest tests"><testsuite name="pytest" errors="0" failures="0" skipped="0" tests="11" time="34.466" timestamp="2026-03-12T19:04:22.512216+00:00" hostname="agent-env-c07f66c4-4253-4477-a402-6a3849c5ffe9"><testcase classname="tests.test_finanzas_desacoplado_odoo.TestOdooDecouplingVerification" name="test_dashboard_financiero_endpoint_works" time="18.605" /><testcase classname="tests.test_finanzas_desacoplado_odoo.TestOdooDecouplingVerification" name="test_rentabilidad_by_linea_negocio" time="1.468" /><testcase classname="tests.test_finanzas_desacoplado_odoo.TestOdooDecouplingVerification" name="test_rentabilidad_by_marca" time="1.453" /><testcase classname="tests.test_finanzas_desacoplado_odoo.TestOdooDecouplingVerification" name="test_resumen_ejecutivo" time="2.416" /><testcase classname="tests.test_finanzas_desacoplado_odoo.TestOdooDecouplingVerification" name="test_exportar_rentabilidad" time="1.177" /><testcase classname="tests.test_finanzas_desacoplado_odoo.TestLineaNegocioMapping" name="test_linea_negocio_catalog_exists" time="0.712" /><testcase classname="tests.test_finanzas_desacoplado_odoo.TestLineaNegocioMapping" name="test_flujo_caja_gerencial_uses_treasury" time="0.709" /><testcase classname="tests.test_finanzas_desacoplado_odoo.TestCxCAbonoProrrateo" name="test_create_cxc_for_prorrateo_test" time="1.508" /><testcase classname="tests.test_finanzas_desacoplado_odoo.TestCxCAbonoProrrateo" name="test_cxc_abono_creates_treasury_movement" time="4.197" /><testcase classname="tests.test_finanzas_desacoplado_odoo.TestVentaPosLineaColumns" name="test_pos_linea_columns_via_api" time="2.149" /><testcase classname="tests.test_finanzas_desacoplado_odoo.TestCodeReview" name="test_no_odoo_schema_in_financial_modules" time="0.000" /></testsuite></testsuites>