<?xml version="1.0" encoding="utf-8"?><testsuites name="pytest tests"><testsuite name="pytest" errors="0" failures="0" skipped="0" tests="21" time="30.513" timestamp="2026-04-05T08:27:01.376635+00:00" hostname="agent-env-3b37f244-2aa0-49a5-9b60-b41121fd6872"><testcase classname="backend.tests.test_conciliacion_nm_iter42.TestConciliacionSugerenciasEndpoint" name="test_endpoint_returns_200" time="18.653" /><testcase classname="backend.tests.test_conciliacion_nm_iter42.TestConciliacionSugerenciasEndpoint" name="test_response_structure" time="0.683" /><testcase classname="backend.tests.test_conciliacion_nm_iter42.TestConciliacionSugerenciasEndpoint" name="test_suggestions_use_array_format" time="0.665" /><testcase classname="backend.tests.test_conciliacion_nm_iter42.TestConciliacionSugerenciasEndpoint" name="test_suggestions_have_tipo_field" time="0.658" /><testcase classname="backend.tests.test_conciliacion_nm_iter42.TestConciliacionSugerenciasEndpoint" name="test_has_1_to_1_matches" time="0.654" /><testcase classname="backend.tests.test_conciliacion_nm_iter42.TestConciliacionSugerenciasEndpoint" name="test_has_n_to_1_match" time="0.669" /><testcase classname="backend.tests.test_conciliacion_nm_iter42.TestConciliacionSugerenciasEndpoint" name="test_has_1_to_n_match" time="0.657" /><testcase classname="backend.tests.test_conciliacion_nm_iter42.TestConciliacionSugerenciasEndpoint" name="test_no_duplicate_banco_ids" time="0.686" /><testcase classname="backend.tests.test_conciliacion_nm_iter42.TestConciliacionSugerenciasEndpoint" name="test_no_duplicate_sistema_ids" time="0.663" /><testcase classname="backend.tests.test_conciliacion_nm_iter42.TestConciliacionSugerenciasEndpoint" name="test_suggestions_have_required_fields" time="0.682" /><testcase classname="backend.tests.test_conciliacion_nm_iter42.TestConciliacionSugerenciasEndpoint" name="test_3_to_1_match_details" time="0.676" /><testcase classname="backend.tests.test_conciliacion_nm_iter42.TestConciliacionSugerenciasEndpoint" name="test_1_to_2_match_details" time="0.664" /><testcase classname="backend.tests.test_conciliacion_nm_iter42.TestArticulosOCEndpoint" name="test_endpoint_returns_200" time="0.514" /><testcase classname="backend.tests.test_conciliacion_nm_iter42.TestArticulosOCEndpoint" name="test_returns_list" time="0.373" /><testcase classname="backend.tests.test_conciliacion_nm_iter42.TestArticulosOCEndpoint" name="test_articles_have_linea_negocio_id" time="0.393" /><testcase classname="backend.tests.test_conciliacion_nm_iter42.TestArticulosOCEndpoint" name="test_articles_have_linea_negocio_nombre" time="0.381" /><testcase classname="backend.tests.test_conciliacion_nm_iter42.TestInventarioEndpoint" name="test_endpoint_returns_200" time="0.516" /><testcase classname="backend.tests.test_conciliacion_nm_iter42.TestInventarioEndpoint" name="test_returns_list" time="0.391" /><testcase classname="backend.tests.test_conciliacion_nm_iter42.TestInventarioEndpoint" name="test_inventory_items_have_linea_negocio_id" time="0.372" /><testcase classname="backend.tests.test_conciliacion_nm_iter42.TestConfirmarSugerenciasEndpoint" name="test_endpoint_accepts_array_format" time="0.779" /><testcase classname="backend.tests.test_conciliacion_nm_iter42.TestConfirmarSugerenciasEndpoint" name="test_endpoint_structure_validation" time="0.655" /></testsuite></testsuites>