<?xml version="1.0" encoding="utf-8"?><testsuites name="pytest tests"><testsuite name="pytest" errors="0" failures="2" skipped="0" tests="20" time="163.312" timestamp="2026-03-13T14:33:13.126109+00:00" hostname="agent-env-c984e975-0ebf-4ac7-a41f-71395d57b811"><testcase classname="tests.test_ventas_pos_refactor.TestBackendStartup" name="test_health_endpoint" time="17.180" /><testcase classname="tests.test_ventas_pos_refactor.TestPosSyncModule" name="test_get_odoo_company_map" time="0.573" /><testcase classname="tests.test_ventas_pos_refactor.TestPosSyncModule" name="test_put_odoo_company_map" time="1.330" /><testcase classname="tests.test_ventas_pos_refactor.TestPosSyncModule" name="test_sync_local_requires_company_key" time="60.108"><failure message="assert 502 in [200, 400, 500]&#10; +  where 502 = &lt;Response [502]&gt;.status_code">tests/test_ventas_pos_refactor.py:78: in test_sync_local_requires_company_key
    assert response.status_code in [200, 400, 500]
E   assert 502 in [200, 400, 500]
E    +  where 502 = &lt;Response [502]&gt;.status_code</failure></testcase><testcase classname="tests.test_ventas_pos_refactor.TestPosSyncModule" name="test_refresh_requires_odoo_config" time="60.236" /><testcase classname="tests.test_ventas_pos_refactor.TestPosCrudModule" name="test_list_ventas_pos" time="1.856" /><testcase classname="tests.test_ventas_pos_refactor.TestPosCrudModule" name="test_list_ventas_pos_filters" time="1.006" /><testcase classname="tests.test_ventas_pos_refactor.TestPosCrudModule" name="test_get_lineas_venta_pos_nonexistent" time="0.722" /><testcase classname="tests.test_ventas_pos_refactor.TestPosEstadosModule" name="test_confirmar_nonexistent" time="0.716" /><testcase classname="tests.test_ventas_pos_refactor.TestPosEstadosModule" name="test_credito_nonexistent" time="0.591" /><testcase classname="tests.test_ventas_pos_refactor.TestPosEstadosModule" name="test_descartar" time="0.683" /><testcase classname="tests.test_ventas_pos_refactor.TestPosEstadosModule" name="test_desconfirmar_nonexistent" time="0.701" /><testcase classname="tests.test_ventas_pos_refactor.TestPosEstadosModule" name="test_distribucion_analitica" time="1.273" /><testcase classname="tests.test_ventas_pos_refactor.TestPosPagosModule" name="test_get_pagos" time="0.707" /><testcase classname="tests.test_ventas_pos_refactor.TestPosPagosModule" name="test_get_pagos_oficiales" time="0.711" /><testcase classname="tests.test_ventas_pos_refactor.TestPosPagosModule" name="test_add_pago_nonexistent_order" time="0.680" /><testcase classname="tests.test_ventas_pos_refactor.TestPosPagosModule" name="test_update_pago_nonexistent" time="0.688" /><testcase classname="tests.test_ventas_pos_refactor.TestPosPagosModule" name="test_delete_pago_nonexistent" time="0.701" /><testcase classname="tests.test_ventas_pos_refactor.TestEndpointAccessibility" name="test_all_endpoints_no_404" time="9.727"><failure message="AssertionError: Some endpoints returned 404: [('POST', '/api/ventas-pos/99999/confirmar?empresa_id=6', 404, False), ('POST', '/api/ventas-pos/99999/credito?empresa_id=6', 404, False), ('POST', '/api/ventas-pos/99999/pagos?empresa_id=6', 404, False)]&#10;assert False">tests/test_ventas_pos_refactor.py:279: in test_all_endpoints_no_404
    assert all_accessible, f"Some endpoints returned 404: {[r for r in results if not r[3]]}"
E   AssertionError: Some endpoints returned 404: [('POST', '/api/ventas-pos/99999/confirmar?empresa_id=6', 404, False), ('POST', '/api/ventas-pos/99999/credito?empresa_id=6', 404, False), ('POST', '/api/ventas-pos/99999/pagos?empresa_id=6', 404, False)]
E   assert False</failure></testcase><testcase classname="tests.test_ventas_pos_refactor.TestExistingOrder" name="test_get_existing_order_lineas" time="2.965" /></testsuite></testsuites>