<?xml version="1.0" encoding="utf-8"?><testsuites name="pytest tests"><testsuite name="pytest" errors="0" failures="0" skipped="0" tests="14" time="33.112" timestamp="2026-03-13T07:49:03.519482+00:00" hostname="agent-env-bf4314a8-ab5e-4545-9a43-8cd1d47fdc10"><testcase classname="backend.tests.test_p0_tesoreria_pagos.TestTesoreriaMovements" name="test_tesoreria_list_contains_venta_pos_movement" time="17.023" /><testcase classname="backend.tests.test_p0_tesoreria_pagos.TestTesoreriaMovements" name="test_tesoreria_filter_by_origen_tipo" time="0.993" /><testcase classname="backend.tests.test_p0_tesoreria_pagos.TestTesoreriaMovements" name="test_tesoreria_resumen_includes_ingresos" time="1.264" /><testcase classname="backend.tests.test_p0_tesoreria_pagos.TestPagosMovements" name="test_pagos_list_contains_pos_payment" time="3.010" /><testcase classname="backend.tests.test_p0_tesoreria_pagos.TestPagosMovements" name="test_pagos_filter_by_tipo_ingreso" time="0.987" /><testcase classname="backend.tests.test_p0_tesoreria_pagos.TestPagosMovements" name="test_pagos_response_structure" time="1.707" /><testcase classname="backend.tests.test_p0_tesoreria_pagos.TestTesoreriaKPIs" name="test_tesoreria_kpi_fields" time="0.827" /><testcase classname="backend.tests.test_p0_tesoreria_pagos.TestTesoreriaKPIs" name="test_tesoreria_flujo_neto_calculation" time="0.850" /><testcase classname="backend.tests.test_p0_tesoreria_pagos.TestTesoreriaKPIs" name="test_tesoreria_saldo_total_calculation" time="0.892" /><testcase classname="backend.tests.test_p0_tesoreria_pagos.TestReportesIngresosPorLinea" name="test_ingresos_por_linea_endpoint" time="0.700" /><testcase classname="backend.tests.test_p0_tesoreria_pagos.TestPagosKPIs" name="test_pagos_totals_calculation" time="1.702" /><testcase classname="backend.tests.test_p0_tesoreria_pagos.TestP0BugVerification" name="test_venta_pos_146662_creates_treasury_movement" time="0.682" /><testcase classname="backend.tests.test_p0_tesoreria_pagos.TestP0BugVerification" name="test_venta_pos_146662_creates_cont_pago" time="0.844" /><testcase classname="backend.tests.test_p0_tesoreria_pagos.TestP0BugVerification" name="test_tesoreria_and_pagos_consistency" time="1.516" /></testsuite></testsuites>