<?xml version="1.0" encoding="utf-8"?><testsuites name="pytest tests"><testsuite name="pytest" errors="0" failures="0" skipped="0" tests="25" time="46.429" timestamp="2026-04-05T12:43:32.851780+00:00" hostname="agent-env-3b37f244-2aa0-49a5-9b60-b41121fd6872"><testcase classname="backend.tests.test_reportes_nuevos_iter43.TestRentabilidadLinea" name="test_endpoint_returns_200" time="20.475" /><testcase classname="backend.tests.test_reportes_nuevos_iter43.TestRentabilidadLinea" name="test_response_has_required_structure" time="2.256" /><testcase classname="backend.tests.test_reportes_nuevos_iter43.TestRentabilidadLinea" name="test_periodo_has_desde_hasta" time="2.228" /><testcase classname="backend.tests.test_reportes_nuevos_iter43.TestRentabilidadLinea" name="test_lineas_is_array" time="2.249" /><testcase classname="backend.tests.test_reportes_nuevos_iter43.TestRentabilidadLinea" name="test_linea_has_required_fields" time="2.252" /><testcase classname="backend.tests.test_reportes_nuevos_iter43.TestRentabilidadLinea" name="test_totales_has_required_fields" time="2.225" /><testcase classname="backend.tests.test_reportes_nuevos_iter43.TestRentabilidadLinea" name="test_accepts_date_parameters" time="2.224" /><testcase classname="backend.tests.test_reportes_nuevos_iter43.TestCxpAging" name="test_endpoint_returns_200" time="1.536" /><testcase classname="backend.tests.test_reportes_nuevos_iter43.TestCxpAging" name="test_response_has_required_structure" time="0.523" /><testcase classname="backend.tests.test_reportes_nuevos_iter43.TestCxpAging" name="test_buckets_has_5_aging_periods" time="0.526" /><testcase classname="backend.tests.test_reportes_nuevos_iter43.TestCxpAging" name="test_detalle_is_array" time="0.539" /><testcase classname="backend.tests.test_reportes_nuevos_iter43.TestCxpAging" name="test_detalle_item_has_required_fields" time="0.530" /><testcase classname="backend.tests.test_reportes_nuevos_iter43.TestCxpAging" name="test_resumen_proveedor_is_array" time="0.522" /><testcase classname="backend.tests.test_reportes_nuevos_iter43.TestCxpAging" name="test_resumen_proveedor_has_bucket_totals" time="0.550" /><testcase classname="backend.tests.test_reportes_nuevos_iter43.TestCxpAging" name="test_accepts_fecha_corte_parameter" time="0.532" /><testcase classname="backend.tests.test_reportes_nuevos_iter43.TestCxpAging" name="test_bucket_assignment_correct" time="0.561" /><testcase classname="backend.tests.test_reportes_nuevos_iter43.TestCxcAging" name="test_endpoint_returns_200" time="0.672" /><testcase classname="backend.tests.test_reportes_nuevos_iter43.TestCxcAging" name="test_response_has_required_structure" time="0.534" /><testcase classname="backend.tests.test_reportes_nuevos_iter43.TestCxcAging" name="test_buckets_has_5_aging_periods" time="0.539" /><testcase classname="backend.tests.test_reportes_nuevos_iter43.TestCxcAging" name="test_detalle_is_array" time="0.529" /><testcase classname="backend.tests.test_reportes_nuevos_iter43.TestCxcAging" name="test_handles_empty_data" time="0.524" /><testcase classname="backend.tests.test_reportes_nuevos_iter43.TestCxcAging" name="test_accepts_fecha_corte_parameter" time="0.516" /><testcase classname="backend.tests.test_reportes_nuevos_iter43.TestDataIntegrity" name="test_cxp_total_equals_bucket_sum" time="0.535" /><testcase classname="backend.tests.test_reportes_nuevos_iter43.TestDataIntegrity" name="test_cxc_total_equals_bucket_sum" time="0.516" /><testcase classname="backend.tests.test_reportes_nuevos_iter43.TestDataIntegrity" name="test_rentabilidad_totales_match_lineas_sum" time="2.208" /></testsuite></testsuites>