<?xml version="1.0" encoding="utf-8"?><testsuites name="pytest tests"><testsuite name="pytest" errors="0" failures="0" skipped="0" tests="19" time="34.108" timestamp="2026-03-14T12:47:29.942472+00:00" hostname="agent-env-802f2996-0637-49f0-b1bb-c2b5218932d9"><testcase classname="backend.tests.test_reportes_linea.TestReportesLinea" name="test_ventas_por_linea_status_code" time="17.612" /><testcase classname="backend.tests.test_reportes_linea.TestReportesLinea" name="test_ventas_por_linea_structure" time="0.554" /><testcase classname="backend.tests.test_reportes_linea.TestReportesLinea" name="test_ventas_por_linea_fields" time="0.571" /><testcase classname="backend.tests.test_reportes_linea.TestReportesLinea" name="test_ventas_por_linea_has_data" time="0.585" /><testcase classname="backend.tests.test_reportes_linea.TestReportesLinea" name="test_cobranza_por_linea_status_code" time="1.265" /><testcase classname="backend.tests.test_reportes_linea.TestReportesLinea" name="test_cobranza_por_linea_structure" time="1.211" /><testcase classname="backend.tests.test_reportes_linea.TestReportesLinea" name="test_cobranza_por_linea_fields" time="0.833" /><testcase classname="backend.tests.test_reportes_linea.TestReportesLinea" name="test_cruce_linea_marca_status_code" time="0.697" /><testcase classname="backend.tests.test_reportes_linea.TestReportesLinea" name="test_cruce_linea_marca_structure" time="0.540" /><testcase classname="backend.tests.test_reportes_linea.TestReportesLinea" name="test_cruce_linea_marca_marca_fields" time="0.573" /><testcase classname="backend.tests.test_reportes_linea.TestReportesLinea" name="test_gastos_directos_por_linea_status_code" time="1.004" /><testcase classname="backend.tests.test_reportes_linea.TestReportesLinea" name="test_gastos_directos_por_linea_structure" time="0.725" /><testcase classname="backend.tests.test_reportes_linea.TestReportesLinea" name="test_gastos_directos_por_linea_fields" time="0.683" /><testcase classname="backend.tests.test_reportes_linea.TestReportesLinea" name="test_dinero_por_linea_status_code" time="2.126" /><testcase classname="backend.tests.test_reportes_linea.TestReportesLinea" name="test_dinero_por_linea_structure" time="1.287" /><testcase classname="backend.tests.test_reportes_linea.TestReportesLinea" name="test_dinero_por_linea_fields" time="1.293" /><testcase classname="backend.tests.test_reportes_linea.TestReportesLinea" name="test_dinero_por_linea_has_data" time="1.251" /><testcase classname="backend.tests.test_reportes_linea.TestReportesLinea" name="test_empty_date_range" time="0.537" /><testcase classname="backend.tests.test_reportes_linea.TestReportesLinea" name="test_default_date_range" time="0.545" /></testsuite></testsuites>