<?xml version="1.0" encoding="utf-8"?><testsuites name="pytest tests"><testsuite name="pytest" errors="0" failures="0" skipped="0" tests="23" time="37.111" timestamp="2026-04-10T22:46:22.874533+00:00" hostname="agent-env-3b37f244-2aa0-49a5-9b60-b41121fd6872"><testcase classname="tests.test_consolidation_iter44.TestFlujoCajaGerencial" name="test_endpoint_returns_200" time="17.497" /><testcase classname="tests.test_consolidation_iter44.TestFlujoCajaGerencial" name="test_response_has_required_structure" time="0.572" /><testcase classname="tests.test_consolidation_iter44.TestFlujoCajaGerencial" name="test_totales_has_required_fields" time="0.572" /><testcase classname="tests.test_consolidation_iter44.TestFlujoCajaGerencial" name="test_agrupacion_diario" time="0.527" /><testcase classname="tests.test_consolidation_iter44.TestFlujoCajaGerencial" name="test_agrupacion_semanal" time="0.686" /><testcase classname="tests.test_consolidation_iter44.TestFlujoCajaGerencial" name="test_agrupacion_mensual" time="0.673" /><testcase classname="tests.test_consolidation_iter44.TestFlujoCajaGerencial" name="test_timeline_item_has_required_fields" time="0.531" /><testcase classname="tests.test_consolidation_iter44.TestDineroPorLinea" name="test_endpoint_returns_200" time="2.088" /><testcase classname="tests.test_consolidation_iter44.TestDineroPorLinea" name="test_response_has_data_and_totales" time="1.270" /><testcase classname="tests.test_consolidation_iter44.TestDineroPorLinea" name="test_totales_has_required_fields" time="1.233" /><testcase classname="tests.test_consolidation_iter44.TestVentasPorLinea" name="test_endpoint_returns_200" time="0.677" /><testcase classname="tests.test_consolidation_iter44.TestVentasPorLinea" name="test_response_has_data_and_totales" time="0.526" /><testcase classname="tests.test_consolidation_iter44.TestVentasPorLinea" name="test_totales_has_required_fields" time="0.571" /><testcase classname="tests.test_consolidation_iter44.TestCobranzaPorLinea" name="test_endpoint_returns_200" time="2.626" /><testcase classname="tests.test_consolidation_iter44.TestCobranzaPorLinea" name="test_response_has_data_and_totales" time="0.856" /><testcase classname="tests.test_consolidation_iter44.TestCobranzaPorLinea" name="test_totales_has_required_fields" time="0.802" /><testcase classname="tests.test_consolidation_iter44.TestCruceLineaMarca" name="test_endpoint_returns_200" time="0.667" /><testcase classname="tests.test_consolidation_iter44.TestCruceLineaMarca" name="test_response_is_array" time="0.534" /><testcase classname="tests.test_consolidation_iter44.TestGastosDirectosPorLinea" name="test_endpoint_returns_200" time="0.948" /><testcase classname="tests.test_consolidation_iter44.TestGastosDirectosPorLinea" name="test_response_has_data_and_totales" time="0.677" /><testcase classname="tests.test_consolidation_iter44.TestGastosDirectosPorLinea" name="test_totales_has_required_fields" time="0.671" /><testcase classname="tests.test_consolidation_iter44.TestDataIntegrity" name="test_flujo_neto_equals_ingresos_minus_egresos" time="0.545" /><testcase classname="tests.test_consolidation_iter44.TestDataIntegrity" name="test_dinero_saldo_neto_calculation" time="1.241" /></testsuite></testsuites>