<?xml version="1.0" encoding="utf-8"?><testsuites name="pytest tests"><testsuite name="pytest" errors="0" failures="1" skipped="0" tests="26" time="55.913" timestamp="2026-03-18T15:31:56.260960+00:00" hostname="agent-env-8b374165-3554-4611-9206-9e391ceb6be4"><testcase classname="tests.test_reportes_financieros.TestReporteBalanceGeneral" name="test_balance_general_status_code" time="20.148" /><testcase classname="tests.test_reportes_financieros.TestReporteBalanceGeneral" name="test_balance_general_has_activos" time="1.646" /><testcase classname="tests.test_reportes_financieros.TestReporteBalanceGeneral" name="test_balance_general_has_pasivos" time="1.568" /><testcase classname="tests.test_reportes_financieros.TestReporteBalanceGeneral" name="test_balance_general_has_patrimonio" time="1.583" /><testcase classname="tests.test_reportes_financieros.TestReporteBalanceGeneral" name="test_balance_general_caja_bancos_detail" time="1.599" /><testcase classname="tests.test_reportes_financieros.TestReporteBalanceGeneral" name="test_balance_general_wip_detail" time="1.649" /><testcase classname="tests.test_reportes_financieros.TestReporteEstadoResultados" name="test_estado_resultados_status_code" time="2.008" /><testcase classname="tests.test_reportes_financieros.TestReporteEstadoResultados" name="test_estado_resultados_periodo" time="1.291" /><testcase classname="tests.test_reportes_financieros.TestReporteEstadoResultados" name="test_estado_resultados_ventas" time="1.319" /><testcase classname="tests.test_reportes_financieros.TestReporteEstadoResultados" name="test_estado_resultados_costo_venta" time="1.299" /><testcase classname="tests.test_reportes_financieros.TestReporteEstadoResultados" name="test_estado_resultados_margen_bruto" time="1.327" /><testcase classname="tests.test_reportes_financieros.TestReporteEstadoResultados" name="test_estado_resultados_gastos_operativos" time="1.327" /><testcase classname="tests.test_reportes_financieros.TestReporteEstadoResultados" name="test_estado_resultados_utilidad" time="1.278" /><testcase classname="tests.test_reportes_financieros.TestReporteFlujoCaja" name="test_flujo_caja_status_code" time="2.760" /><testcase classname="tests.test_reportes_financieros.TestReporteFlujoCaja" name="test_flujo_caja_periodo" time="1.573" /><testcase classname="tests.test_reportes_financieros.TestReporteFlujoCaja" name="test_flujo_caja_ingresos" time="1.564" /><testcase classname="tests.test_reportes_financieros.TestReporteFlujoCaja" name="test_flujo_caja_egresos" time="1.601" /><testcase classname="tests.test_reportes_financieros.TestReporteFlujoCaja" name="test_flujo_caja_flujo_neto" time="1.576" /><testcase classname="tests.test_reportes_financieros.TestReporteFlujoCaja" name="test_flujo_caja_saldos_cuentas" time="1.623" /><testcase classname="tests.test_reportes_financieros.TestReporteInventarioValorizado" name="test_inventario_valorizado_status_code" time="1.594" /><testcase classname="tests.test_reportes_financieros.TestReporteInventarioValorizado" name="test_inventario_valorizado_materia_prima" time="1.018" /><testcase classname="tests.test_reportes_financieros.TestReporteInventarioValorizado" name="test_inventario_valorizado_producto_terminado" time="0.998" /><testcase classname="tests.test_reportes_financieros.TestReporteInventarioValorizado" name="test_inventario_valorizado_wip" time="1.010" /><testcase classname="tests.test_reportes_financieros.TestReporteInventarioValorizado" name="test_inventario_valorizado_gran_total" time="0.981" /><testcase classname="tests.test_reportes_financieros.TestReportesNoEmpresaId" name="test_balance_general_without_empresa_id" time="0.109"><failure message="AssertionError: Unexpected status: 400&#10;assert 400 in [200, 422]&#10; +  where 400 = &lt;Response [400]&gt;.status_code">tests/test_reportes_financieros.py:335: in test_balance_general_without_empresa_id
    assert response.status_code in [200, 422], f"Unexpected status: {response.status_code}"
E   AssertionError: Unexpected status: 400
E   assert 400 in [200, 422]
E    +  where 400 = &lt;Response [400]&gt;.status_code</failure></testcase><testcase classname="tests.test_reportes_financieros.TestReportesNoEmpresaId" name="test_estado_resultados_default_dates" time="1.288" /></testsuite></testsuites>