<?xml version="1.0" encoding="utf-8"?><testsuites name="pytest tests"><testsuite name="pytest" errors="0" failures="0" skipped="0" tests="10" time="13.890" timestamp="2026-04-11T01:40:20.232945+00:00" hostname="agent-env-3b37f244-2aa0-49a5-9b60-b41121fd6872"><testcase classname="backend.tests.test_planilla.TestPlanillaEndpoints" name="test_get_trabajadores_list" time="0.415" /><testcase classname="backend.tests.test_planilla.TestPlanillaEndpoints" name="test_get_resumen_totales" time="0.821" /><testcase classname="backend.tests.test_planilla.TestPlanillaEndpoints" name="test_list_planillas" time="0.685" /><testcase classname="backend.tests.test_planilla.TestPlanillaEndpoints" name="test_create_planilla" time="2.568" /><testcase classname="backend.tests.test_planilla.TestPlanillaEndpoints" name="test_update_planilla" time="3.264" /><testcase classname="backend.tests.test_planilla.TestPlanillaEndpoints" name="test_delete_planilla" time="2.070" /><testcase classname="backend.tests.test_planilla.TestPlanillaEndpoints" name="test_get_planilla_by_id" time="1.301" /><testcase classname="backend.tests.test_planilla.TestPlanillaEndpoints" name="test_get_nonexistent_planilla_returns_404" time="0.589" /><testcase classname="backend.tests.test_planilla.TestPlanillaEndpoints" name="test_list_planillas_with_filters" time="1.295" /><testcase classname="backend.tests.test_planilla.TestPlanillaEndpoints" name="test_resumen_with_date_filters" time="0.828" /></testsuite></testsuites>