<?xml version="1.0" encoding="utf-8"?><testsuites name="pytest tests"><testsuite name="pytest" errors="0" failures="0" skipped="0" tests="15" time="21.015" timestamp="2026-03-11T05:33:59.005475+00:00" hostname="agent-env-fcad123a-d991-4e98-9d34-b7958bca5d1b"><testcase classname="backend.tests.test_presupuesto_roi_phase6.TestPresupuestoVsReal" name="test_presupuesto_vs_real_2026_has_data" time="13.702" /><testcase classname="backend.tests.test_presupuesto_roi_phase6.TestPresupuestoVsReal" name="test_presupuesto_vs_real_2026_totales" time="0.863" /><testcase classname="backend.tests.test_presupuesto_roi_phase6.TestPresupuestoVsReal" name="test_presupuesto_vs_real_2026_por_mes" time="0.813" /><testcase classname="backend.tests.test_presupuesto_roi_phase6.TestPresupuestoVsReal" name="test_presupuesto_vs_real_2026_data_by_category" time="0.808" /><testcase classname="backend.tests.test_presupuesto_roi_phase6.TestPresupuestoVsReal" name="test_presupuesto_vs_real_2025_no_budget" time="0.529" /><testcase classname="backend.tests.test_presupuesto_roi_phase6.TestPresupuestoVsReal" name="test_presupuesto_vs_real_missing_anio" time="0.106" /><testcase classname="backend.tests.test_presupuesto_roi_phase6.TestPresupuestoVsReal" name="test_presupuesto_vs_real_missing_empresa" time="0.113" /><testcase classname="backend.tests.test_presupuesto_roi_phase6.TestRoiProyectos" name="test_roi_proyectos_basic_response" time="0.953" /><testcase classname="backend.tests.test_presupuesto_roi_phase6.TestRoiProyectos" name="test_roi_proyectos_totales_structure" time="0.670" /><testcase classname="backend.tests.test_presupuesto_roi_phase6.TestRoiProyectos" name="test_roi_proyectos_empty_data" time="0.664" /><testcase classname="backend.tests.test_presupuesto_roi_phase6.TestRoiProyectos" name="test_roi_proyectos_date_filters" time="0.696" /><testcase classname="backend.tests.test_presupuesto_roi_phase6.TestRoiProyectos" name="test_roi_proyectos_missing_fecha_desde" time="0.104" /><testcase classname="backend.tests.test_presupuesto_roi_phase6.TestRoiProyectos" name="test_roi_proyectos_missing_fecha_hasta" time="0.115" /><testcase classname="backend.tests.test_presupuesto_roi_phase6.TestRoiProyectos" name="test_roi_proyectos_missing_empresa" time="0.100" /><testcase classname="backend.tests.test_presupuesto_roi_phase6.TestRoiProyectosDataStructure" name="test_roi_data_item_fields" time="0.702" /></testsuite></testsuites>