<?xml version="1.0" encoding="utf-8"?><testsuites name="pytest tests"><testsuite name="pytest" errors="0" failures="0" skipped="0" tests="13" time="22.675" timestamp="2026-03-10T04:25:44.716897+00:00" hostname="agent-env-7de5507d-f80d-4353-b984-c9a7f268e685"><testcase classname="backend.tests.test_ventas_pos_odoo.TestVentasPOSPaginated" name="test_ventas_pos_returns_paginated_structure" time="10.454" /><testcase classname="backend.tests.test_ventas_pos_odoo.TestVentasPOSPaginated" name="test_ventas_pos_pagination_works" time="1.823" /><testcase classname="backend.tests.test_ventas_pos_odoo.TestVentasPOSPaginated" name="test_ventas_pos_filter_by_estado" time="3.423" /><testcase classname="backend.tests.test_ventas_pos_odoo.TestVentasPOSPaginated" name="test_ventas_pos_filter_by_date_range" time="0.855" /><testcase classname="backend.tests.test_ventas_pos_odoo.TestVentasPOSPaginated" name="test_ventas_pos_search_filter" time="1.039" /><testcase classname="backend.tests.test_ventas_pos_odoo.TestVentasPOSPaginated" name="test_ventas_pos_ordering" time="0.843" /><testcase classname="backend.tests.test_ventas_pos_odoo.TestVentasPOSMissingMapping" name="test_missing_company_key_error_empresa_1" time="0.398" /><testcase classname="backend.tests.test_ventas_pos_odoo.TestVentasPOSLineas" name="test_get_lineas_for_valid_order" time="1.347" /><testcase classname="backend.tests.test_ventas_pos_odoo.TestOdooCompanyMapConfig" name="test_get_odoo_company_map" time="0.527" /><testcase classname="backend.tests.test_ventas_pos_odoo.TestOdooCompanyMapConfig" name="test_get_odoo_company_map_no_mapping" time="0.385" /><testcase classname="backend.tests.test_ventas_pos_odoo.TestOdooCompanyMapConfig" name="test_set_odoo_company_map" time="0.593" /><testcase classname="backend.tests.test_ventas_pos_odoo.TestOdooCompanyMapConfig" name="test_set_odoo_company_map_validation" time="0.110" /><testcase classname="backend.tests.test_ventas_pos_odoo.TestVentasPOSDataIntegrity" name="test_venta_has_required_fields" time="0.682" /></testsuite></testsuites>