<?xml version="1.0" encoding="utf-8"?><testsuites name="pytest tests"><testsuite name="pytest" errors="0" failures="0" skipped="0" tests="18" time="76.350" timestamp="2026-03-12T21:01:35.423127+00:00" hostname="agent-env-c07f66c4-4253-4477-a402-6a3849c5ffe9"><testcase classname="tests.test_linea_negocio_reorganization.TestVentasPOSListingFromLocalTables" name="test_list_ventas_pos" time="16.230" /><testcase classname="tests.test_linea_negocio_reorganization.TestVentasPOSListingFromLocalTables" name="test_list_ventas_has_estado_local" time="0.871" /><testcase classname="tests.test_linea_negocio_reorganization.TestPOSLinesWithProductNameAndMarca" name="test_get_lineas_order_146661" time="0.975" /><testcase classname="tests.test_linea_negocio_reorganization.TestPOSLinesWithProductNameAndMarca" name="test_lineas_have_marca_element_premium" time="0.741" /><testcase classname="tests.test_linea_negocio_reorganization.TestPOSLinesWithProductNameAndMarca" name="test_lineas_have_linea_negocio" time="0.702" /><testcase classname="tests.test_linea_negocio_reorganization.TestAnalyticalDistributionEndpoint" name="test_get_distribucion_analitica" time="1.233" /><testcase classname="tests.test_linea_negocio_reorganization.TestSyncLocal" name="test_sync_local" time="44.061" /><testcase classname="tests.test_linea_negocio_reorganization.TestLineasNegocioCatalog" name="test_list_lineas_negocio" time="0.766" /><testcase classname="tests.test_linea_negocio_reorganization.TestLineasNegocioCatalog" name="test_lineas_negocio_has_sin_clasificar" time="0.549" /><testcase classname="tests.test_linea_negocio_reorganization.TestUpdateLineaNegocioOdooMapping" name="test_update_linea_negocio_odoo_mapping" time="1.184" /><testcase classname="tests.test_linea_negocio_reorganization.TestConfirmCreatesTreasuryAndDistribution" name="test_confirmar_flow_structure" time="0.694" /><testcase classname="tests.test_linea_negocio_reorganization.TestCreditCreatesCxCAndDistribution" name="test_credito_flow_structure" time="0.561" /><testcase classname="tests.test_linea_negocio_reorganization.TestCxCAbonos" name="test_list_cxc" time="0.670" /><testcase classname="tests.test_linea_negocio_reorganization.TestCxCAbonos" name="test_cxc_abono_structure" time="0.533" /><testcase classname="tests.test_linea_negocio_reorganization.TestNoOdooViewsInFinancialModules" name="test_dashboard_financiero_no_odoo" time="3.627" /><testcase classname="tests.test_linea_negocio_reorganization.TestNoOdooViewsInFinancialModules" name="test_rentabilidad_no_odoo" time="1.437" /><testcase classname="tests.test_linea_negocio_reorganization.TestNoOdooViewsInFinancialModules" name="test_flujo_caja_gerencial_uses_treasury" time="0.675" /><testcase classname="tests.test_linea_negocio_reorganization.TestCuentasFinancieras" name="test_list_cuentas_financieras" time="0.747" /></testsuite></testsuites>