<?xml version="1.0" encoding="utf-8"?><testsuites name="pytest tests"><testsuite name="pytest" errors="0" failures="0" skipped="0" tests="10" time="17.916" timestamp="2026-03-10T15:32:38.068463+00:00" hostname="agent-env-7de5507d-f80d-4353-b984-c9a7f268e685"><testcase classname="backend.tests.test_ventas_pos_cleanup_iter16.TestVentasPOSCleanup" name="test_sync_endpoint_removed_returns_404" time="8.739" /><testcase classname="backend.tests.test_ventas_pos_cleanup_iter16.TestVentasPOSCleanup" name="test_get_ventas_pos_empresa_6" time="1.218" /><testcase classname="backend.tests.test_ventas_pos_cleanup_iter16.TestVentasPOSCleanup" name="test_get_ventas_pos_missing_company_key" time="0.452" /><testcase classname="backend.tests.test_ventas_pos_cleanup_iter16.TestVentasPOSCleanup" name="test_pagination_page_size" time="0.815" /><testcase classname="backend.tests.test_ventas_pos_cleanup_iter16.TestVentasPOSCleanup" name="test_max_date_order_present" time="0.688" /><testcase classname="backend.tests.test_ventas_pos_cleanup_iter16.TestVentasPOSCleanup" name="test_get_lineas_venta_pos" time="1.535" /><testcase classname="backend.tests.test_ventas_pos_cleanup_iter16.TestVentasPOSCleanup" name="test_refresh_returns_503" time="0.103" /><testcase classname="backend.tests.test_ventas_pos_cleanup_iter16.TestVentasPOSCleanup" name="test_get_pagos_venta_pos" time="1.440" /><testcase classname="backend.tests.test_ventas_pos_cleanup_iter16.TestVentasPOSCleanup" name="test_confirmar_venta_pos" time="2.194" /><testcase classname="backend.tests.test_ventas_pos_cleanup_iter16.TestVentasPOSCleanup" name="test_get_odoo_company_map" time="0.555" /></testsuite></testsuites>