<?xml version="1.0" encoding="utf-8"?><testsuites name="pytest tests"><testsuite name="pytest" errors="0" failures="0" skipped="0" tests="14" time="14.336" timestamp="2026-03-19T03:44:01.614219+00:00" hostname="agent-env-3b37f244-2aa0-49a5-9b60-b41121fd6872"><testcase classname="backend.tests.test_conciliacion_auto_matching.TestSugerenciasConciliacion" name="test_sugerencias_endpoint_returns_200" time="0.796" /><testcase classname="backend.tests.test_conciliacion_auto_matching.TestSugerenciasConciliacion" name="test_sugerencias_response_structure" time="0.720" /><testcase classname="backend.tests.test_conciliacion_auto_matching.TestSugerenciasConciliacion" name="test_sugerencias_match_structure" time="0.761" /><testcase classname="backend.tests.test_conciliacion_auto_matching.TestSugerenciasConciliacion" name="test_rule1_referencia_exacta_alta_confidence" time="0.710" /><testcase classname="backend.tests.test_conciliacion_auto_matching.TestSugerenciasConciliacion" name="test_rule2_monto_fecha_media_confidence" time="0.736" /><testcase classname="backend.tests.test_conciliacion_auto_matching.TestSugerenciasConciliacion" name="test_expected_matches_count" time="0.742" /><testcase classname="backend.tests.test_conciliacion_auto_matching.TestConfirmarSugerencias" name="test_confirmar_requires_sugerencias" time="0.129" /><testcase classname="backend.tests.test_conciliacion_auto_matching.TestConfirmarSugerencias" name="test_confirmar_sugerencias_structure" time="0.732" /><testcase classname="backend.tests.test_conciliacion_auto_matching.TestBancoMovimientos" name="test_banco_movimientos_pending" time="0.747" /><testcase classname="backend.tests.test_conciliacion_auto_matching.TestBancoMovimientos" name="test_banco_movimientos_have_required_fields" time="0.734" /><testcase classname="backend.tests.test_conciliacion_auto_matching.TestSistemaMovimientos" name="test_sistema_movimientos_pending" time="1.855" /><testcase classname="backend.tests.test_conciliacion_auto_matching.TestSistemaMovimientos" name="test_sistema_movimientos_have_required_fields" time="1.931" /><testcase classname="backend.tests.test_conciliacion_auto_matching.TestCuentaFinanciera" name="test_cuenta_financiera_exists" time="0.733" /><testcase classname="backend.tests.test_conciliacion_auto_matching.TestIntegrationFlow" name="test_full_suggestions_flow" time="2.952" /></testsuite></testsuites>