<?xml version="1.0" encoding="utf-8"?><testsuites name="pytest tests"><testsuite name="pytest" errors="0" failures="0" skipped="0" tests="14" time="47.447" timestamp="2026-03-13T05:28:20.036279+00:00" hostname="agent-env-c538ece6-24a1-40ae-9955-4132e05b9345"><testcase classname="backend.tests.test_dashboard_resumen_ejecutivo.TestDashboardResumenEjecutivo" name="test_resumen_ejecutivo_returns_200" time="19.432" /><testcase classname="backend.tests.test_dashboard_resumen_ejecutivo.TestDashboardResumenEjecutivo" name="test_resumen_ejecutivo_has_ventas_pendientes_fields" time="1.967" /><testcase classname="backend.tests.test_dashboard_resumen_ejecutivo.TestDashboardResumenEjecutivo" name="test_resumen_ejecutivo_has_gastos_prorrateo_fields" time="1.869" /><testcase classname="backend.tests.test_dashboard_resumen_ejecutivo.TestDashboardResumenEjecutivo" name="test_resumen_ejecutivo_has_cobranza_pendiente" time="1.864" /><testcase classname="backend.tests.test_dashboard_resumen_ejecutivo.TestDashboardResumenEjecutivo" name="test_resumen_ejecutivo_cobranza_linea_structure" time="1.880" /><testcase classname="backend.tests.test_dashboard_resumen_ejecutivo.TestDashboardResumenEjecutivo" name="test_resumen_ejecutivo_has_ingresos_gastos_mes" time="1.913" /><testcase classname="backend.tests.test_dashboard_resumen_ejecutivo.TestDashboardResumenEjecutivo" name="test_resumen_ejecutivo_resultado_neto_calculation" time="1.850" /><testcase classname="backend.tests.test_dashboard_resumen_ejecutivo.TestDashboardResumenEjecutivo" name="test_resumen_ejecutivo_has_utilidad_linea" time="1.862" /><testcase classname="backend.tests.test_dashboard_resumen_ejecutivo.TestDashboardResumenEjecutivo" name="test_resumen_ejecutivo_utilidad_linea_structure" time="1.842" /><testcase classname="backend.tests.test_dashboard_resumen_ejecutivo.TestDashboardResumenEjecutivo" name="test_resumen_ejecutivo_utilidad_calculation" time="1.823" /><testcase classname="backend.tests.test_dashboard_resumen_ejecutivo.TestDashboardKPIsLegacy" name="test_kpis_returns_200" time="2.715" /><testcase classname="backend.tests.test_dashboard_resumen_ejecutivo.TestDashboardKPIsLegacy" name="test_kpis_has_required_fields" time="1.540" /><testcase classname="backend.tests.test_dashboard_resumen_ejecutivo.TestDashboardDataConsistency" name="test_cobranza_total_matches_kpis_cxc" time="3.409" /><testcase classname="backend.tests.test_dashboard_resumen_ejecutivo.TestDashboardDataConsistency" name="test_gastos_mes_consistent" time="3.364" /></testsuite></testsuites>