<?xml version="1.0" encoding="utf-8"?><testsuites name="pytest tests"><testsuite name="pytest" errors="0" failures="0" skipped="0" tests="29" time="40.760" timestamp="2026-03-20T12:46:19.367802+00:00" hostname="agent-env-3b37f244-2aa0-49a5-9b60-b41121fd6872"><testcase classname="backend.tests.test_unidades_internas.TestUnidadesInternas" name="test_list_unidades_internas" time="18.677" /><testcase classname="backend.tests.test_unidades_internas.TestUnidadesInternas" name="test_unidad_structure" time="0.577" /><testcase classname="backend.tests.test_unidades_internas.TestUnidadesInternas" name="test_create_unidad_interna" time="0.688" /><testcase classname="backend.tests.test_unidades_internas.TestUnidadesInternas" name="test_update_unidad_interna" time="0.990" /><testcase classname="backend.tests.test_unidades_internas.TestUnidadesInternas" name="test_delete_unidad_interna" time="1.281" /><testcase classname="backend.tests.test_unidades_internas.TestUnidadesInternas" name="test_delete_unidad_with_dependencies_fails" time="0.699" /><testcase classname="backend.tests.test_unidades_internas.TestPersonasProduccion" name="test_list_personas_produccion" time="0.548" /><testcase classname="backend.tests.test_unidades_internas.TestPersonasProduccion" name="test_persona_structure" time="0.397" /><testcase classname="backend.tests.test_unidades_internas.TestPersonasProduccion" name="test_persona_interno_exists" time="0.417" /><testcase classname="backend.tests.test_unidades_internas.TestPersonasProduccion" name="test_update_persona_tipo" time="1.338" /><testcase classname="backend.tests.test_unidades_internas.TestCargosInternos" name="test_list_cargos_internos" time="0.688" /><testcase classname="backend.tests.test_unidades_internas.TestCargosInternos" name="test_cargo_structure" time="0.537" /><testcase classname="backend.tests.test_unidades_internas.TestCargosInternos" name="test_cargo_filter_by_unidad" time="0.677" /><testcase classname="backend.tests.test_unidades_internas.TestCargosInternos" name="test_generar_cargos_internos" time="0.680" /><testcase classname="backend.tests.test_unidades_internas.TestCargosInternos" name="test_generar_avoids_duplicates" time="1.677" /><testcase classname="backend.tests.test_unidades_internas.TestGastosUnidadInterna" name="test_list_gastos" time="0.696" /><testcase classname="backend.tests.test_unidades_internas.TestGastosUnidadInterna" name="test_gasto_structure" time="0.604" /><testcase classname="backend.tests.test_unidades_internas.TestGastosUnidadInterna" name="test_create_gasto" time="0.682" /><testcase classname="backend.tests.test_unidades_internas.TestGastosUnidadInterna" name="test_update_gasto" time="0.685" /><testcase classname="backend.tests.test_unidades_internas.TestGastosUnidadInterna" name="test_delete_gasto" time="0.682" /><testcase classname="backend.tests.test_unidades_internas.TestGastosUnidadInterna" name="test_filter_by_unidad" time="0.712" /><testcase classname="backend.tests.test_unidades_internas.TestReporteUnidadesInternas" name="test_reporte_returns_200" time="1.250" /><testcase classname="backend.tests.test_unidades_internas.TestReporteUnidadesInternas" name="test_reporte_structure" time="0.854" /><testcase classname="backend.tests.test_unidades_internas.TestReporteUnidadesInternas" name="test_vista_empresa_structure" time="0.827" /><testcase classname="backend.tests.test_unidades_internas.TestReporteUnidadesInternas" name="test_vista_unidades_structure" time="0.825" /><testcase classname="backend.tests.test_unidades_internas.TestReporteUnidadesInternas" name="test_resumen_structure" time="0.825" /><testcase classname="backend.tests.test_unidades_internas.TestReporteUnidadesInternas" name="test_corte_interno_totals" time="0.839" /><testcase classname="backend.tests.test_unidades_internas.TestReporteUnidadesInternas" name="test_filter_by_date_range" time="1.116" /><testcase classname="backend.tests.test_unidades_internas.TestTiposGasto" name="test_get_tipos_gasto" time="0.138" /></testsuite></testsuites>