<?xml version="1.0" encoding="utf-8"?><testsuites name="pytest tests"><testsuite name="pytest" errors="0" failures="0" skipped="0" tests="27" time="48.065" timestamp="2026-03-11T14:00:49.790540+00:00" hostname="agent-env-2365503b-aec2-48f1-bb69-1118fb5ba604"><testcase classname="backend.tests.test_tesoreria_3layer.TestTesoreriaEndpoints" name="test_list_tesoreria_basic" time="12.360" /><testcase classname="backend.tests.test_tesoreria_3layer.TestTesoreriaEndpoints" name="test_list_tesoreria_filter_tipo_ingreso" time="1.010" /><testcase classname="backend.tests.test_tesoreria_3layer.TestTesoreriaEndpoints" name="test_list_tesoreria_filter_tipo_egreso" time="0.712" /><testcase classname="backend.tests.test_tesoreria_3layer.TestTesoreriaEndpoints" name="test_list_tesoreria_filter_fecha" time="0.956" /><testcase classname="backend.tests.test_tesoreria_3layer.TestTesoreriaEndpoints" name="test_list_tesoreria_filter_origen_tipo" time="0.996" /><testcase classname="backend.tests.test_tesoreria_3layer.TestTesoreriaResumen" name="test_resumen_basic" time="1.264" /><testcase classname="backend.tests.test_tesoreria_3layer.TestTesoreriaResumen" name="test_resumen_por_origen_structure" time="0.853" /><testcase classname="backend.tests.test_tesoreria_3layer.TestTesoreriaResumen" name="test_resumen_cuentas_structure" time="0.938" /><testcase classname="backend.tests.test_tesoreria_3layer.TestTesoreriaCreate" name="test_create_manual_ingreso" time="0.683" /><testcase classname="backend.tests.test_tesoreria_3layer.TestTesoreriaCreate" name="test_create_manual_egreso" time="0.538" /><testcase classname="backend.tests.test_tesoreria_3layer.TestTesoreriaCreate" name="test_create_invalid_tipo" time="0.112" /><testcase classname="backend.tests.test_tesoreria_3layer.TestTesoreriaCreate" name="test_create_negative_monto" time="0.119" /><testcase classname="backend.tests.test_tesoreria_3layer.TestDashboardFinanciero3Layer" name="test_dashboard_basic" time="6.918" /><testcase classname="backend.tests.test_tesoreria_3layer.TestDashboardFinanciero3Layer" name="test_dashboard_cobranzas_from_treasury" time="5.020" /><testcase classname="backend.tests.test_tesoreria_3layer.TestDashboardFinanciero3Layer" name="test_dashboard_egresos_from_treasury" time="4.952" /><testcase classname="backend.tests.test_tesoreria_3layer.TestFlujoCajaGerencial" name="test_flujo_caja_basic" time="0.714" /><testcase classname="backend.tests.test_tesoreria_3layer.TestFlujoCajaGerencial" name="test_flujo_caja_totales_structure" time="0.708" /><testcase classname="backend.tests.test_tesoreria_3layer.TestFlujoCajaGerencial" name="test_flujo_caja_missing_dates" time="0.106" /><testcase classname="backend.tests.test_tesoreria_3layer.TestResumenEjecutivoWithTreasury" name="test_resumen_ejecutivo_basic" time="2.388" /><testcase classname="backend.tests.test_tesoreria_3layer.TestResumenEjecutivoWithTreasury" name="test_resumen_ejecutivo_tesoreria_section" time="1.416" /><testcase classname="backend.tests.test_tesoreria_3layer.TestTesoreriaExport" name="test_export_tesoreria_csv" time="0.701" /><testcase classname="backend.tests.test_tesoreria_3layer.TestTesoreriaExport" name="test_export_tesoreria_filter_tipo" time="0.709" /><testcase classname="backend.tests.test_tesoreria_3layer.TestTesoreriaExport" name="test_export_tesoreria_missing_dates" time="0.125" /><testcase classname="backend.tests.test_tesoreria_3layer.TestCxCAbonoCreaMovimientoTesoreria" name="test_cxc_list" time="0.668" /><testcase classname="backend.tests.test_tesoreria_3layer.TestCxCAbonoCreaMovimientoTesoreria" name="test_cxc_abono_integration" time="0.699" /><testcase classname="backend.tests.test_tesoreria_3layer.TestCxPAbonoCreaMovimientoTesoreria" name="test_cxp_list" time="0.708" /><testcase classname="backend.tests.test_tesoreria_3layer.TestCxPAbonoCreaMovimientoTesoreria" name="test_cxp_abono_integration" time="1.536" /></testsuite></testsuites>