<?xml version="1.0" encoding="utf-8"?><testsuites name="pytest tests"><testsuite name="pytest" errors="0" failures="0" skipped="0" tests="35" time="35.971" timestamp="2026-03-11T12:51:53.507288+00:00" hostname="agent-env-fcad123a-d991-4e98-9d34-b7958bca5d1b"><testcase classname="tests.test_reportes_gerenciales_phase7.TestResumenEjecutivo" name="test_resumen_ejecutivo_returns_200" time="1.281" /><testcase classname="tests.test_reportes_gerenciales_phase7.TestResumenEjecutivo" name="test_resumen_ejecutivo_has_tesoreria" time="1.248" /><testcase classname="tests.test_reportes_gerenciales_phase7.TestResumenEjecutivo" name="test_resumen_ejecutivo_has_cxc" time="1.255" /><testcase classname="tests.test_reportes_gerenciales_phase7.TestResumenEjecutivo" name="test_resumen_ejecutivo_has_cxp" time="1.249" /><testcase classname="tests.test_reportes_gerenciales_phase7.TestResumenEjecutivo" name="test_resumen_ejecutivo_has_ventas_mtd" time="1.258" /><testcase classname="tests.test_reportes_gerenciales_phase7.TestResumenEjecutivo" name="test_resumen_ejecutivo_has_gastos_mtd" time="1.270" /><testcase classname="tests.test_reportes_gerenciales_phase7.TestResumenEjecutivo" name="test_resumen_ejecutivo_has_utilidad_mtd" time="1.275" /><testcase classname="tests.test_reportes_gerenciales_phase7.TestResumenEjecutivo" name="test_resumen_ejecutivo_has_pendientes_confirmar" time="1.272" /><testcase classname="tests.test_reportes_gerenciales_phase7.TestResumenEjecutivo" name="test_resumen_ejecutivo_has_liquidez_neta" time="1.296" /><testcase classname="tests.test_reportes_gerenciales_phase7.TestResumenEjecutivo" name="test_resumen_ejecutivo_missing_empresa_id" time="0.109" /><testcase classname="tests.test_reportes_gerenciales_phase7.TestExportarCxC" name="test_exportar_cxc_returns_200" time="0.530" /><testcase classname="tests.test_reportes_gerenciales_phase7.TestExportarCxC" name="test_exportar_cxc_content_type_csv" time="0.524" /><testcase classname="tests.test_reportes_gerenciales_phase7.TestExportarCxC" name="test_exportar_cxc_content_disposition" time="0.544" /><testcase classname="tests.test_reportes_gerenciales_phase7.TestExportarCxC" name="test_exportar_cxc_csv_headers" time="0.531" /><testcase classname="tests.test_reportes_gerenciales_phase7.TestExportarCxC" name="test_exportar_cxc_missing_empresa_id" time="0.114" /><testcase classname="tests.test_reportes_gerenciales_phase7.TestExportarCxP" name="test_exportar_cxp_returns_200" time="0.519" /><testcase classname="tests.test_reportes_gerenciales_phase7.TestExportarCxP" name="test_exportar_cxp_content_type_csv" time="0.560" /><testcase classname="tests.test_reportes_gerenciales_phase7.TestExportarCxP" name="test_exportar_cxp_content_disposition" time="0.538" /><testcase classname="tests.test_reportes_gerenciales_phase7.TestExportarCxP" name="test_exportar_cxp_csv_headers" time="0.565" /><testcase classname="tests.test_reportes_gerenciales_phase7.TestExportarFlujoCaja" name="test_exportar_flujo_caja_returns_200" time="0.692" /><testcase classname="tests.test_reportes_gerenciales_phase7.TestExportarFlujoCaja" name="test_exportar_flujo_caja_content_type_csv" time="0.672" /><testcase classname="tests.test_reportes_gerenciales_phase7.TestExportarFlujoCaja" name="test_exportar_flujo_caja_content_disposition" time="0.667" /><testcase classname="tests.test_reportes_gerenciales_phase7.TestExportarFlujoCaja" name="test_exportar_flujo_caja_csv_headers" time="0.682" /><testcase classname="tests.test_reportes_gerenciales_phase7.TestExportarFlujoCaja" name="test_exportar_flujo_caja_missing_fecha_desde" time="0.105" /><testcase classname="tests.test_reportes_gerenciales_phase7.TestExportarFlujoCaja" name="test_exportar_flujo_caja_missing_fecha_hasta" time="0.116" /><testcase classname="tests.test_reportes_gerenciales_phase7.TestExportarRentabilidad" name="test_exportar_rentabilidad_returns_200" time="3.806" /><testcase classname="tests.test_reportes_gerenciales_phase7.TestExportarRentabilidad" name="test_exportar_rentabilidad_content_type_csv" time="3.570" /><testcase classname="tests.test_reportes_gerenciales_phase7.TestExportarRentabilidad" name="test_exportar_rentabilidad_content_disposition" time="3.644" /><testcase classname="tests.test_reportes_gerenciales_phase7.TestExportarRentabilidad" name="test_exportar_rentabilidad_csv_headers" time="3.580" /><testcase classname="tests.test_reportes_gerenciales_phase7.TestExportarGastos" name="test_exportar_gastos_returns_200" time="0.587" /><testcase classname="tests.test_reportes_gerenciales_phase7.TestExportarGastos" name="test_exportar_gastos_content_type_csv" time="0.532" /><testcase classname="tests.test_reportes_gerenciales_phase7.TestExportarGastos" name="test_exportar_gastos_content_disposition" time="0.537" /><testcase classname="tests.test_reportes_gerenciales_phase7.TestExportarGastos" name="test_exportar_gastos_csv_headers" time="0.562" /><testcase classname="tests.test_reportes_gerenciales_phase7.TestExportarGastos" name="test_exportar_gastos_missing_fecha_desde" time="0.119" /><testcase classname="tests.test_reportes_gerenciales_phase7.TestExportarGastos" name="test_exportar_gastos_missing_fecha_hasta" time="0.098" /></testsuite></testsuites>