<?xml version="1.0" encoding="utf-8"?><testsuites name="pytest tests"><testsuite name="pytest" errors="0" failures="0" skipped="0" tests="14" time="44.723" timestamp="2026-03-11T04:57:11.616597+00:00" hostname="agent-env-fcad123a-d991-4e98-9d34-b7958bca5d1b"><testcase classname="tests.test_dashboard_financiero.TestDashboardFinancieroAPI" name="test_endpoint_basic_access_empresa_1" time="14.965" /><testcase classname="tests.test_dashboard_financiero.TestDashboardFinancieroAPI" name="test_response_contains_all_expected_keys" time="1.831" /><testcase classname="tests.test_dashboard_financiero.TestDashboardFinancieroAPI" name="test_date_filter_functionality" time="1.833" /><testcase classname="tests.test_dashboard_financiero.TestDashboardFinancieroAPI" name="test_tesoreria_fields_are_numbers" time="1.781" /><testcase classname="tests.test_dashboard_financiero.TestDashboardFinancieroAPI" name="test_devengado_fields_are_numbers" time="1.843" /><testcase classname="tests.test_dashboard_financiero.TestDashboardFinancieroAPI" name="test_flujo_caja_fields_are_numbers" time="1.807" /><testcase classname="tests.test_dashboard_financiero.TestDashboardFinancieroAPI" name="test_ventas_structure" time="1.787" /><testcase classname="tests.test_dashboard_financiero.TestDashboardFinancieroAPI" name="test_cxc_cxp_fields_are_numbers" time="1.811" /><testcase classname="tests.test_dashboard_financiero.TestDashboardFinancieroAPI" name="test_cxc_aging_structure" time="1.782" /><testcase classname="tests.test_dashboard_financiero.TestDashboardFinancieroAPI" name="test_ingresos_por_marca_is_list" time="1.789" /><testcase classname="tests.test_dashboard_financiero.TestDashboardFinancieroAPI" name="test_top_cxc_vencidas_is_list" time="1.841" /><testcase classname="tests.test_dashboard_financiero.TestDashboardFinancieroAPI" name="test_top_cxp_por_vencer_is_list" time="1.853" /><testcase classname="tests.test_dashboard_financiero.TestDashboardFinancieroAPI" name="test_empresa_6_with_real_data" time="4.992" /><testcase classname="tests.test_dashboard_financiero.TestDashboardFinancieroAPI" name="test_ingresos_por_marca_item_structure" time="4.630" /></testsuite></testsuites>