<?xml version="1.0" encoding="utf-8"?><testsuites name="pytest tests"><testsuite name="pytest" errors="0" failures="0" skipped="0" tests="25" time="48.094" timestamp="2026-03-11T17:14:39.274914+00:00" hostname="agent-env-2365503b-aec2-48f1-bb69-1118fb5ba604"><testcase classname="backend.tests.test_capital_linea_valorizacion.TestCapitalLineaNegocioCRUD" name="test_list_capital_movimientos_empty" time="12.173" /><testcase classname="backend.tests.test_capital_linea_valorizacion.TestCapitalLineaNegocioCRUD" name="test_create_capital_inicial" time="0.641" /><testcase classname="backend.tests.test_capital_linea_valorizacion.TestCapitalLineaNegocioCRUD" name="test_create_aporte" time="0.507" /><testcase classname="backend.tests.test_capital_linea_valorizacion.TestCapitalLineaNegocioCRUD" name="test_create_retiro" time="0.477" /><testcase classname="backend.tests.test_capital_linea_valorizacion.TestCapitalLineaNegocioCRUD" name="test_create_invalid_tipo" time="0.059" /><testcase classname="backend.tests.test_capital_linea_valorizacion.TestCapitalLineaNegocioCRUD" name="test_create_negative_monto" time="0.063" /><testcase classname="backend.tests.test_capital_linea_valorizacion.TestCapitalLineaNegocioCRUD" name="test_create_zero_monto" time="0.060" /><testcase classname="backend.tests.test_capital_linea_valorizacion.TestCapitalLineaNegocioCRUD" name="test_list_with_filter" time="0.622" /><testcase classname="backend.tests.test_capital_linea_valorizacion.TestCapitalLineaNegocioCRUD" name="test_list_all_created" time="0.479" /><testcase classname="backend.tests.test_capital_linea_valorizacion.TestRentabilidadLineaNegocio" name="test_rentabilidad_basic" time="3.456" /><testcase classname="backend.tests.test_capital_linea_valorizacion.TestRentabilidadLineaNegocio" name="test_rentabilidad_line_structure" time="2.474" /><testcase classname="backend.tests.test_capital_linea_valorizacion.TestRentabilidadLineaNegocio" name="test_rentabilidad_totals_structure" time="2.478" /><testcase classname="backend.tests.test_capital_linea_valorizacion.TestRentabilidadLineaNegocio" name="test_rentabilidad_with_date_filter" time="2.473" /><testcase classname="backend.tests.test_capital_linea_valorizacion.TestRentabilidadLineaNegocio" name="test_rentabilidad_capital_calculation" time="2.454" /><testcase classname="backend.tests.test_capital_linea_valorizacion.TestRentabilidadLineaNegocio" name="test_rentabilidad_utilidad_calculation" time="2.448" /><testcase classname="backend.tests.test_capital_linea_valorizacion.TestValorizacionInventario" name="test_valorizacion_basic" time="2.328" /><testcase classname="backend.tests.test_capital_linea_valorizacion.TestValorizacionInventario" name="test_valorizacion_article_structure" time="1.885" /><testcase classname="backend.tests.test_capital_linea_valorizacion.TestValorizacionInventario" name="test_valorizacion_lotes_structure" time="1.907" /><testcase classname="backend.tests.test_capital_linea_valorizacion.TestValorizacionInventario" name="test_valorizacion_fifo_calculation" time="1.897" /><testcase classname="backend.tests.test_capital_linea_valorizacion.TestValorizacionInventario" name="test_valorizacion_categorias" time="1.918" /><testcase classname="backend.tests.test_capital_linea_valorizacion.TestValorizacionInventario" name="test_valorizacion_search_filter" time="1.205" /><testcase classname="backend.tests.test_capital_linea_valorizacion.TestValorizacionInventario" name="test_valorizacion_categoria_filter" time="1.468" /><testcase classname="backend.tests.test_capital_linea_valorizacion.TestValorizacionInventario" name="test_valorizacion_total_consistency" time="1.893" /><testcase classname="backend.tests.test_capital_linea_valorizacion.TestCleanup" name="test_cleanup_capital_movimientos" time="2.074" /><testcase classname="backend.tests.test_capital_linea_valorizacion.TestCleanup" name="test_delete_nonexistent" time="0.483" /></testsuite></testsuites>