<?xml version="1.0" encoding="utf-8"?><testsuites name="pytest tests"><testsuite name="pytest" errors="0" failures="0" skipped="0" tests="17" time="58.528" timestamp="2026-02-11T16:25:53.944084+00:00" hostname="agent-env-5497445b-7640-40bd-93f5-aec2f561e78f"><testcase classname="tests.test_asientos_contables.TestAsientosFPROV" name="test_generar_asiento_fprov" time="5.066" /><testcase classname="tests.test_asientos_contables.TestAsientosFPROV" name="test_fprov_asiento_idempotent" time="7.288" /><testcase classname="tests.test_asientos_contables.TestAsientosGASTO" name="test_generar_asiento_gasto" time="5.130" /><testcase classname="tests.test_asientos_contables.TestAsientosPAGO" name="test_generar_asiento_pago" time="8.644" /><testcase classname="tests.test_asientos_contables.TestPostearAnular" name="test_postear_asiento" time="6.740" /><testcase classname="tests.test_asientos_contables.TestPostearAnular" name="test_anular_asiento" time="5.679" /><testcase classname="tests.test_asientos_contables.TestPostearAnular" name="test_cannot_postear_anulado" time="5.519" /><testcase classname="tests.test_asientos_contables.TestAsientosFilters" name="test_list_asientos" time="0.317" /><testcase classname="tests.test_asientos_contables.TestAsientosFilters" name="test_filter_by_estado" time="0.320" /><testcase classname="tests.test_asientos_contables.TestAsientosFilters" name="test_filter_by_origen_tipo" time="0.321" /><testcase classname="tests.test_asientos_contables.TestAsientosFilters" name="test_get_asiento_detail" time="0.771" /><testcase classname="tests.test_asientos_contables.TestReportesContables" name="test_reporte_mayor" time="0.317" /><testcase classname="tests.test_asientos_contables.TestReportesContables" name="test_reporte_balance" time="0.319" /><testcase classname="tests.test_asientos_contables.TestReportesContables" name="test_reporte_pnl" time="0.316" /><testcase classname="tests.test_asientos_contables.TestPeriodosContables" name="test_cerrar_periodo_blocks_posting" time="11.062" /><testcase classname="tests.test_asientos_contables.TestPeriodosContables" name="test_abrir_periodo" time="0.337" /><testcase classname="tests.test_asientos_contables.TestPeriodosContables" name="test_list_periodos" time="0.323" /></testsuite></testsuites>