<?xml version="1.0" encoding="utf-8"?><testsuites name="pytest tests"><testsuite name="pytest" errors="0" failures="0" skipped="0" tests="33" time="43.539" timestamp="2026-03-09T02:49:39.502421+00:00" hostname="agent-env-185bc3a7-539b-45f8-88e9-40b493e0c47c"><testcase classname="tests.test_refactored_api.TestCoreEndpoints" name="test_health_check" time="8.487" /><testcase classname="tests.test_refactored_api.TestCoreEndpoints" name="test_root_endpoint" time="0.139" /><testcase classname="tests.test_refactored_api.TestEmpresasEndpoints" name="test_list_empresas" time="0.683" /><testcase classname="tests.test_refactored_api.TestMaestrosEndpoints" name="test_list_monedas" time="0.696" /><testcase classname="tests.test_refactored_api.TestMaestrosEndpoints" name="test_list_categorias" time="1.523" /><testcase classname="tests.test_refactored_api.TestMaestrosEndpoints" name="test_list_centros_costo" time="0.669" /><testcase classname="tests.test_refactored_api.TestMaestrosEndpoints" name="test_list_lineas_negocio" time="0.721" /><testcase classname="tests.test_refactored_api.TestCuentasFinancierasEndpoints" name="test_list_cuentas_financieras" time="0.683" /><testcase classname="tests.test_refactored_api.TestTercerosEndpoints" name="test_list_terceros" time="0.709" /><testcase classname="tests.test_refactored_api.TestTercerosEndpoints" name="test_list_proveedores" time="0.681" /><testcase classname="tests.test_refactored_api.TestTercerosEndpoints" name="test_list_empleados" time="0.679" /><testcase classname="tests.test_refactored_api.TestComprasEndpoints" name="test_list_ordenes_compra" time="1.101" /><testcase classname="tests.test_refactored_api.TestComprasEndpoints" name="test_list_facturas_proveedor" time="1.931" /><testcase classname="tests.test_refactored_api.TestPagosEndpoints" name="test_list_pagos" time="3.953" /><testcase classname="tests.test_refactored_api.TestPagosEndpoints" name="test_list_letras" time="1.110" /><testcase classname="tests.test_refactored_api.TestGastosEndpoints" name="test_list_gastos" time="0.694" /><testcase classname="tests.test_refactored_api.TestGastosEndpoints" name="test_list_adelantos" time="0.673" /><testcase classname="tests.test_refactored_api.TestPlanillasEndpoints" name="test_list_planillas" time="0.662" /><testcase classname="tests.test_refactored_api.TestVentasPOSEndpoints" name="test_list_ventas_pos" time="0.684" /><testcase classname="tests.test_refactored_api.TestCxCCxPEndpoints" name="test_list_cxp" time="0.680" /><testcase classname="tests.test_refactored_api.TestCxCCxPEndpoints" name="test_list_cxc" time="0.674" /><testcase classname="tests.test_refactored_api.TestPresupuestosEndpoints" name="test_list_presupuestos" time="1.386" /><testcase classname="tests.test_refactored_api.TestBancoEndpoints" name="test_list_movimientos_banco" time="0.704" /><testcase classname="tests.test_refactored_api.TestBancoEndpoints" name="test_historial_conciliaciones" time="0.672" /><testcase classname="tests.test_refactored_api.TestContabilidadEndpoints" name="test_list_cuentas_contables" time="0.707" /><testcase classname="tests.test_refactored_api.TestContabilidadEndpoints" name="test_config_contable" time="0.677" /><testcase classname="tests.test_refactored_api.TestContabilidadEndpoints" name="test_list_asientos" time="4.591" /><testcase classname="tests.test_refactored_api.TestContabilidadEndpoints" name="test_list_periodos_contables" time="0.712" /><testcase classname="tests.test_refactored_api.TestDashboardEndpoints" name="test_dashboard_kpis" time="2.621" /><testcase classname="tests.test_refactored_api.TestReportesEndpoints" name="test_reporte_flujo_caja" time="0.684" /><testcase classname="tests.test_refactored_api.TestReportesEndpoints" name="test_reporte_estado_resultados" time="0.969" /><testcase classname="tests.test_refactored_api.TestReportesEndpoints" name="test_reporte_balance_general" time="1.216" /><testcase classname="tests.test_refactored_api.TestErrorHandling" name="test_missing_empresa_id" time="0.548" /></testsuite></testsuites>