<?xml version="1.0" encoding="utf-8"?><testsuites name="pytest tests"><testsuite name="pytest" errors="0" failures="0" skipped="0" tests="4" time="21.314" timestamp="2026-03-14T00:57:41.267083+00:00" hostname="agent-env-802f2996-0637-49f0-b1bb-c2b5218932d9"><testcase classname="backend.tests.test_ventas_pos_pagos_credito.TestVentasPOSPagosCreditoAPI" name="test_credit_sales_list_includes_pagos_cxc" time="18.923" /><testcase classname="backend.tests.test_ventas_pos_pagos_credito.TestVentasPOSPagosCreditoAPI" name="test_get_pagos_credito_existing_order" time="1.032" /><testcase classname="backend.tests.test_ventas_pos_pagos_credito.TestVentasPOSPagosCreditoAPI" name="test_get_pagos_credito_nonexistent_order" time="0.556" /><testcase classname="backend.tests.test_ventas_pos_pagos_credito.TestVentasPOSPagosCreditoAPI" name="test_credit_sale_cxc_id_populated" time="0.701" /></testsuite></testsuites>