<?xml version="1.0" encoding="utf-8"?><testsuites name="pytest tests"><testsuite name="pytest" errors="0" failures="0" skipped="0" tests="38" time="54.860" timestamp="2026-03-10T18:59:25.245003+00:00" hostname="agent-env-7de5507d-f80d-4353-b984-c9a7f268e685"><testcase classname="backend.tests.test_comprehensive_all_modules.TestHealthAndCore" name="test_health_check" time="10.025" /><testcase classname="backend.tests.test_comprehensive_all_modules.TestDashboard" name="test_dashboard_kpis" time="2.693" /><testcase classname="backend.tests.test_comprehensive_all_modules.TestEmpresas" name="test_get_empresas" time="0.679" /><testcase classname="backend.tests.test_comprehensive_all_modules.TestMaestros" name="test_get_categorias" time="1.524" /><testcase classname="backend.tests.test_comprehensive_all_modules.TestMaestros" name="test_get_centros_costo" time="0.748" /><testcase classname="backend.tests.test_comprehensive_all_modules.TestMaestros" name="test_get_lineas_negocio" time="0.690" /><testcase classname="backend.tests.test_comprehensive_all_modules.TestMaestros" name="test_get_monedas" time="0.673" /><testcase classname="backend.tests.test_comprehensive_all_modules.TestTerceros" name="test_get_terceros" time="0.674" /><testcase classname="backend.tests.test_comprehensive_all_modules.TestTerceros" name="test_get_proveedores" time="0.679" /><testcase classname="backend.tests.test_comprehensive_all_modules.TestTerceros" name="test_get_clientes" time="0.679" /><testcase classname="backend.tests.test_comprehensive_all_modules.TestTerceros" name="test_get_empleados" time="0.695" /><testcase classname="backend.tests.test_comprehensive_all_modules.TestArticulos" name="test_get_articulos" time="0.704" /><testcase classname="backend.tests.test_comprehensive_all_modules.TestArticulos" name="test_get_inventario" time="0.535" /><testcase classname="backend.tests.test_comprehensive_all_modules.TestOrdenesCompra" name="test_get_ordenes_compra" time="1.114" /><testcase classname="backend.tests.test_comprehensive_all_modules.TestFacturasProveedor" name="test_get_facturas_proveedor" time="1.953" /><testcase classname="backend.tests.test_comprehensive_all_modules.TestGastos" name="test_get_gastos" time="0.685" /><testcase classname="backend.tests.test_comprehensive_all_modules.TestPagos" name="test_get_pagos" time="3.932" /><testcase classname="backend.tests.test_comprehensive_all_modules.TestLetras" name="test_get_letras" time="1.135" /><testcase classname="backend.tests.test_comprehensive_all_modules.TestCuentasFinancieras" name="test_get_cuentas_financieras" time="0.674" /><testcase classname="backend.tests.test_comprehensive_all_modules.TestCuentasFinancieras" name="test_get_kardex_cuenta" time="1.533" /><testcase classname="backend.tests.test_comprehensive_all_modules.TestConciliacion" name="test_get_conciliaciones" time="0.691" /><testcase classname="backend.tests.test_comprehensive_all_modules.TestConciliacion" name="test_get_movimientos_banco" time="0.674" /><testcase classname="backend.tests.test_comprehensive_all_modules.TestConciliacion" name="test_get_historial_conciliacion" time="0.687" /><testcase classname="backend.tests.test_comprehensive_all_modules.TestPlanillas" name="test_get_planillas" time="0.694" /><testcase classname="backend.tests.test_comprehensive_all_modules.TestAdelantos" name="test_get_adelantos" time="0.832" /><testcase classname="backend.tests.test_comprehensive_all_modules.TestPresupuestos" name="test_get_presupuestos" time="1.471" /><testcase classname="backend.tests.test_comprehensive_all_modules.TestContabilidad" name="test_get_cuentas_contables" time="0.681" /><testcase classname="backend.tests.test_comprehensive_all_modules.TestContabilidad" name="test_get_asientos" time="5.070" /><testcase classname="backend.tests.test_comprehensive_all_modules.TestContabilidad" name="test_get_periodos_contables" time="0.738" /><testcase classname="backend.tests.test_comprehensive_all_modules.TestContabilidad" name="test_get_config_contable" time="0.697" /><testcase classname="backend.tests.test_comprehensive_all_modules.TestCxCCxP" name="test_get_cxc" time="0.710" /><testcase classname="backend.tests.test_comprehensive_all_modules.TestCxCCxP" name="test_get_cxp" time="0.695" /><testcase classname="backend.tests.test_comprehensive_all_modules.TestReportes" name="test_get_balance_general" time="1.246" /><testcase classname="backend.tests.test_comprehensive_all_modules.TestReportes" name="test_get_estado_resultados" time="0.959" /><testcase classname="backend.tests.test_comprehensive_all_modules.TestReportes" name="test_get_flujo_caja" time="0.704" /><testcase classname="backend.tests.test_comprehensive_all_modules.TestVentasPOS" name="test_get_ventas_pos" time="1.118" /><testcase classname="backend.tests.test_comprehensive_all_modules.TestVentasPOS" name="test_get_ventas_pos_lineas" time="1.521" /><testcase classname="backend.tests.test_comprehensive_all_modules.TestVentasPOS" name="test_ventas_pos_refresh" time="3.548" /></testsuite></testsuites>