<?xml version="1.0" encoding="utf-8"?><testsuites name="pytest tests"><testsuite name="pytest" errors="0" failures="0" skipped="0" tests="17" time="23.665" timestamp="2026-03-30T07:16:35.808214+00:00" hostname="agent-env-3b37f244-2aa0-49a5-9b60-b41121fd6872"><testcase classname="tests.test_articulos_oc.TestArticulosOCEndpoint" name="test_endpoint_returns_200" time="16.758" /><testcase classname="tests.test_articulos_oc.TestArticulosOCEndpoint" name="test_returns_list" time="0.489" /><testcase classname="tests.test_articulos_oc.TestArticulosOCEndpoint" name="test_article_structure" time="0.408" /><testcase classname="tests.test_articulos_oc.TestArticulosOCEndpoint" name="test_stock_actual_is_numeric" time="0.476" /><testcase classname="tests.test_articulos_oc.TestArticulosOCEndpoint" name="test_ultimo_precio_is_numeric" time="0.432" /><testcase classname="tests.test_articulos_oc.TestArticulosOCEndpoint" name="test_excludes_pt_category" time="0.412" /><testcase classname="tests.test_articulos_oc.TestArticulosOCEndpoint" name="test_search_by_nombre" time="0.389" /><testcase classname="tests.test_articulos_oc.TestArticulosOCEndpoint" name="test_search_by_codigo" time="0.377" /><testcase classname="tests.test_articulos_oc.TestArticulosOCEndpoint" name="test_search_case_insensitive" time="0.770" /><testcase classname="tests.test_articulos_oc.TestArticulosOCEndpoint" name="test_linea_negocio_nombre_populated" time="0.374" /><testcase classname="tests.test_articulos_oc.TestArticulosOCPriceLogic" name="test_article_with_oc_price" time="0.378" /><testcase classname="tests.test_articulos_oc.TestArticulosOCPriceLogic" name="test_article_with_inventory_price" time="0.379" /><testcase classname="tests.test_articulos_oc.TestArticulosOCPriceLogic" name="test_article_with_no_price_history" time="0.378" /><testcase classname="tests.test_articulos_oc.TestArticulosOCDataIntegrity" name="test_expected_article_count" time="0.395" /><testcase classname="tests.test_articulos_oc.TestArticulosOCDataIntegrity" name="test_unidad_medida_values" time="0.377" /><testcase classname="tests.test_articulos_oc.TestArticulosOCDataIntegrity" name="test_stock_values_non_negative" time="0.375" /><testcase classname="tests.test_articulos_oc.TestArticulosOCDataIntegrity" name="test_ultimo_precio_non_negative" time="0.371" /></testsuite></testsuites>