<?xml version="1.0" encoding="utf-8"?><testsuites name="pytest tests"><testsuite name="pytest" errors="0" failures="0" skipped="0" tests="10" time="17.536" timestamp="2026-03-10T14:18:05.843254+00:00" hostname="agent-env-7de5507d-f80d-4353-b984-c9a7f268e685"><testcase classname="backend.tests.test_ventas_pos_refresh.TestRefreshEndpoint" name="test_refresh_returns_503_empresa_6_odoo_url_not_configured" time="8.896" /><testcase classname="backend.tests.test_ventas_pos_refresh.TestRefreshEndpoint" name="test_refresh_returns_503_before_checking_company_key" time="0.174" /><testcase classname="backend.tests.test_ventas_pos_refresh.TestRefreshEndpoint" name="test_refresh_with_date_params" time="0.159" /><testcase classname="backend.tests.test_ventas_pos_refresh.TestVentasPOSListExisting" name="test_list_ventas_pos_paginated_empresa_6" time="1.264" /><testcase classname="backend.tests.test_ventas_pos_refresh.TestVentasPOSListExisting" name="test_list_ventas_pos_missing_company_key_empresa_1" time="0.432" /><testcase classname="backend.tests.test_ventas_pos_refresh.TestVentasPOSListExisting" name="test_pagination_page_1_vs_page_2" time="1.708" /><testcase classname="backend.tests.test_ventas_pos_refresh.TestVentasPOSListExisting" name="test_max_date_order_field_present" time="0.694" /><testcase classname="backend.tests.test_ventas_pos_refresh.TestVentasPOSLineas" name="test_get_lineas_for_order" time="1.544" /><testcase classname="backend.tests.test_ventas_pos_refresh.TestVentasPOSPagos" name="test_get_pagos_for_order" time="1.413" /><testcase classname="backend.tests.test_ventas_pos_refresh.TestOdooCompanyMapConfig" name="test_config_odoo_company_map_still_works" time="1.072" /></testsuite></testsuites>