<?xml version="1.0" encoding="utf-8"?><testsuites name="pytest tests"><testsuite name="pytest" errors="0" failures="0" skipped="0" tests="17" time="43.079" timestamp="2026-03-13T04:43:13.250799+00:00" hostname="agent-env-c538ece6-24a1-40ae-9955-4132e05b9345"><testcase classname="backend.tests.test_categorias_gasto_prorrateo.TestCategoriasGastoCRUD" name="test_list_categorias_gasto" time="17.174" /><testcase classname="backend.tests.test_categorias_gasto_prorrateo.TestCategoriasGastoCRUD" name="test_create_categoria_gasto" time="0.574" /><testcase classname="backend.tests.test_categorias_gasto_prorrateo.TestCategoriasGastoCRUD" name="test_update_categoria_gasto" time="0.579" /><testcase classname="backend.tests.test_categorias_gasto_prorrateo.TestCategoriasGastoCRUD" name="test_delete_categoria_gasto_not_found" time="0.973" /><testcase classname="backend.tests.test_categorias_gasto_prorrateo.TestGastosWithNewFields" name="test_list_gastos_with_enriched_names" time="1.185" /><testcase classname="backend.tests.test_categorias_gasto_prorrateo.TestGastosWithNewFields" name="test_create_gasto_directo_with_enriched_response" time="6.574" /><testcase classname="backend.tests.test_categorias_gasto_prorrateo.TestGastosWithNewFields" name="test_create_gasto_comun_for_prorrateo" time="6.108" /><testcase classname="backend.tests.test_categorias_gasto_prorrateo.TestProrrateo" name="test_prorrateo_pendientes_excludes_directo" time="0.730" /><testcase classname="backend.tests.test_categorias_gasto_prorrateo.TestProrrateo" name="test_prorrateo_pendientes_includes_comun" time="0.546" /><testcase classname="backend.tests.test_categorias_gasto_prorrateo.TestProrrateo" name="test_prorrateo_preview_ventas_mes" time="1.564" /><testcase classname="backend.tests.test_categorias_gasto_prorrateo.TestProrrateo" name="test_prorrateo_preview_manual" time="1.654" /><testcase classname="backend.tests.test_categorias_gasto_prorrateo.TestProrrateo" name="test_prorrateo_historial" time="0.699" /><testcase classname="backend.tests.test_categorias_gasto_prorrateo.TestProrrateo" name="test_prorrateo_preview_ventas_rango" time="1.283" /><testcase classname="backend.tests.test_categorias_gasto_prorrateo.TestExistingTestData" name="test_existing_gasto_39_is_comun" time="1.007" /><testcase classname="backend.tests.test_categorias_gasto_prorrateo.TestExistingTestData" name="test_existing_gasto_40_is_directo" time="0.719" /><testcase classname="backend.tests.test_categorias_gasto_prorrateo.TestExistingTestData" name="test_existing_categoria_gasto_2_marketing" time="0.421" /><testcase classname="backend.tests.test_categorias_gasto_prorrateo.TestGastoTableColumns" name="test_gastos_response_has_dimension_columns" time="1.162" /></testsuite></testsuites>